2018-04-04 14:42:29.758  INFO 7928 --- [main] com.example.SpringbootApplication        : Starting SpringbootApplication on DESKTOP-UGHD5SP with PID 7928 (F:\cx\MyProject\demo\springboot\target\classes started by HYF in F:\cx\MyProject\demo\springboot)
2018-04-04 14:42:29.769  INFO 7928 --- [main] com.example.SpringbootApplication        : No active profile set, falling back to default profiles: default
2018-04-04 14:42:29.847  INFO 7928 --- [main] ationConfigEmbeddedWebApplicationContext : Refreshing org.springframework.boot.context.embedded.AnnotationConfigEmbeddedWebApplicationContext@4cb89e1d: startup date [Wed Apr 04 14:42:29 CST 2018]; root of context hierarchy
2018-04-04 14:42:30.719  INFO 7928 --- [main] trationDelegate$BeanPostProcessorChecker : Bean 'org.springframework.transaction.annotation.ProxyTransactionManagementConfiguration' of type [org.springframework.transaction.annotation.ProxyTransactionManagementConfiguration$$EnhancerBySpringCGLIB$$720d525a] is not eligible for getting processed by all BeanPostProcessors (for example: not eligible for auto-proxying)
2018-04-04 14:42:30.979  INFO 7928 --- [main] s.b.c.e.t.TomcatEmbeddedServletContainer : Tomcat initialized with port(s): 8080 (http)
2018-04-04 14:42:30.987  INFO 7928 --- [main] o.apache.catalina.core.StandardService   : Starting service Tomcat
2018-04-04 14:42:30.988  INFO 7928 --- [main] org.apache.catalina.core.StandardEngine  : Starting Servlet Engine: Apache Tomcat/8.5.11
2018-04-04 14:42:31.079  INFO 7928 --- [localhost-startStop-1] o.a.c.c.C.[Tomcat].[localhost].[/]       : Initializing Spring embedded WebApplicationContext
2018-04-04 14:42:31.080  INFO 7928 --- [localhost-startStop-1] o.s.web.context.ContextLoader            : Root WebApplicationContext: initialization completed in 1235 ms
2018-04-04 14:42:31.266  INFO 7928 --- [localhost-startStop-1] o.s.b.w.servlet.ServletRegistrationBean  : Mapping servlet: 'dispatcherServlet' to [/]
2018-04-04 14:42:31.270  INFO 7928 --- [localhost-startStop-1] o.s.b.w.servlet.FilterRegistrationBean   : Mapping filter: 'characterEncodingFilter' to: [/*]
2018-04-04 14:42:31.270  INFO 7928 --- [localhost-startStop-1] o.s.b.w.servlet.FilterRegistrationBean   : Mapping filter: 'hiddenHttpMethodFilter' to: [/*]
2018-04-04 14:42:31.271  INFO 7928 --- [localhost-startStop-1] o.s.b.w.servlet.FilterRegistrationBean   : Mapping filter: 'httpPutFormContentFilter' to: [/*]
2018-04-04 14:42:31.271  INFO 7928 --- [localhost-startStop-1] o.s.b.w.servlet.FilterRegistrationBean   : Mapping filter: 'requestContextFilter' to: [/*]
2018-04-04 14:42:31.957  INFO 7928 --- [main] s.w.s.m.m.a.RequestMappingHandlerAdapter : Looking for @ControllerAdvice: org.springframework.boot.context.embedded.AnnotationConfigEmbeddedWebApplicationContext@4cb89e1d: startup date [Wed Apr 04 14:42:29 CST 2018]; root of context hierarchy
2018-04-04 14:42:32.024  INFO 7928 --- [main] s.w.s.m.m.a.RequestMappingHandlerMapping : Mapped "{[/userController/selectAll]}" onto public java.lang.Object com.example.controller.UserController.selectAll()
2018-04-04 14:42:32.026  INFO 7928 --- [main] s.w.s.m.m.a.RequestMappingHandlerMapping : Mapped "{[/userController/getEntityById],methods=[GET]}" onto public java.lang.Object com.example.controller.UserController.getEntityById(java.lang.Long)
2018-04-04 14:42:32.028  INFO 7928 --- [main] s.w.s.m.m.a.RequestMappingHandlerMapping : Mapped "{[/error]}" onto public org.springframework.http.ResponseEntity<java.util.Map<java.lang.String, java.lang.Object>> org.springframework.boot.autoconfigure.web.BasicErrorController.error(javax.servlet.http.HttpServletRequest)
2018-04-04 14:42:32.028  INFO 7928 --- [main] s.w.s.m.m.a.RequestMappingHandlerMapping : Mapped "{[/error],produces=[text/html]}" onto public org.springframework.web.servlet.ModelAndView org.springframework.boot.autoconfigure.web.BasicErrorController.errorHtml(javax.servlet.http.HttpServletRequest,javax.servlet.http.HttpServletResponse)
2018-04-04 14:42:32.054  INFO 7928 --- [main] o.s.w.s.handler.SimpleUrlHandlerMapping  : Mapped URL path [/webjars/**] onto handler of type [class org.springframework.web.servlet.resource.ResourceHttpRequestHandler]
2018-04-04 14:42:32.055  INFO 7928 --- [main] o.s.w.s.handler.SimpleUrlHandlerMapping  : Mapped URL path [/**] onto handler of type [class org.springframework.web.servlet.resource.ResourceHttpRequestHandler]
2018-04-04 14:42:32.121  INFO 7928 --- [main] o.s.w.s.handler.SimpleUrlHandlerMapping  : Mapped URL path [/**/favicon.ico] onto handler of type [class org.springframework.web.servlet.resource.ResourceHttpRequestHandler]
2018-04-04 14:42:32.572  INFO 7928 --- [main] o.s.j.e.a.AnnotationMBeanExporter        : Registering beans for JMX exposure on startup
2018-04-04 14:42:32.655  INFO 7928 --- [main] s.b.c.e.t.TomcatEmbeddedServletContainer : Tomcat started on port(s): 8080 (http)
2018-04-04 14:42:32.661  INFO 7928 --- [main] com.example.SpringbootApplication        : Started SpringbootApplication in 3.418 seconds (JVM running for 4.024)
2018-04-04 14:42:37.512  INFO 7928 --- [http-nio-8080-exec-1] o.a.c.c.C.[Tomcat].[localhost].[/]       : Initializing Spring FrameworkServlet 'dispatcherServlet'
2018-04-04 14:42:37.512  INFO 7928 --- [http-nio-8080-exec-1] o.s.web.servlet.DispatcherServlet        : FrameworkServlet 'dispatcherServlet': initialization started
2018-04-04 14:42:37.539  INFO 7928 --- [http-nio-8080-exec-1] o.s.web.servlet.DispatcherServlet        : FrameworkServlet 'dispatcherServlet': initialization completed in 27 ms
